[LOG] System::create                           : Header version = 1.10.12. Current version = 1.10.12.
[LOG] Manager::init                            : maxchannels = 256 studioflags = 00000006 flags 00000000 extradriverdata 0x0.
[LOG] SystemI::init                            : Initialize version=11012 (101101), maxchannels=256, flags=0x00020000
[LOG] SystemI::setOutputInternal               : Setting output to 'FMOD Core Audio Output'
[LOG] OutputCoreAudio::init                    : Output running 20 channels at 48000Hz sample rate.
[LOG] OutputCoreAudio::init                    : Maximum hardware read size: 1024 samples, Software buffer size: 512 samples, Number of software buffers: 4.
[LOG] DownMix::init                            : dspbuffersize: 512  rate: 48000. output speaker mode: 1, input speaker mode 3
[LOG] DownMix::init                            : done.
[LOG] Thread::initThread                       : Init FMOD stream thread. Priority: 2, Stack Size: 65536, Semaphore: No, Sleep Time: 10, Looping: Yes.
[LOG] Thread::initThread                       : Init FMOD mixer thread. Priority: 3, Stack Size: 49152, Semaphore: Yes, Sleep Time: 0, Looping: Yes.
[LOG] AsyncManager::init                       : manager 0x7fd747cbd408 isAsync 0 updatePeriod 0.02
[LOG] AsyncManager::init                       : done
[LOG] PlaybackSystem::init                     : 
[LOG] Thread::initThread                       : Init FMOD Studio sample load thread. Priority: 0, Stack Size: 65536, Semaphore: No, Sleep Time: 1, Looping: No.
[LOG] PlaybackSystem::init                     : done
[LOG] Thread::initThread                       : Init FMOD Studio bank load thread. Priority: 0, Stack Size: 65536, Semaphore: No, Sleep Time: 1, Looping: No.
[LOG] Manager::init                            : done.
[LOG] Manager::readBank                        : fileversion = 103, compatVersion = 99 (oldest = 44, newest = 103)
[LOG] SystemI::createSound                     : filename = GalaxyProject/Build/Desktop/Master Bank.bank : mode 02010082
[LOG] SystemI::createSound                     : FMOD_NONBLOCKING specified.  Putting into queue to be opened asynchronously!
[LOG] SystemI::createSound                     : setdata soundi = 0x7fd762186658 : node = 0x7fd7454ab3b0
[LOG] SystemI::createSound                     : add node to async list : head = 0x7fd746c6f2a8.  list count = 0
[LOG] SystemI::createSound                     : filename = GalaxyProject/Build/Desktop/Master Bank.bank : mode 02010082
[LOG] AsyncThread::threadFunc                  : Starting Asynchronous operation on sound 0x7fd762186658
[LOG] SystemI::createSound                     : FMOD_NONBLOCKING specified.  Putting into queue to be opened asynchronously!
[LOG] SystemI::createSoundInternal             :     Create name='GalaxyProject/Build/Desktop/Master Bank.bank', mode=0x02010082
[LOG] SystemI::createSound                     :     setdata soundi = 0x7fd75d7c0028 : node = 0x7fd7454a9c10
[LOG] SystemI::createSoundInternal             :     exinfo->cbsize             = 232
[LOG] SystemI::createSound                     :     add node to async list : head = 0x7fd746c6f2a8.  list count = 0
[LOG] SystemI::createSoundInternal             :     exinfo->length             = 4221088
[LOG] SystemI::createSoundInternal             :     exinfo->fileoffset         = 35840
[LOG] SystemI::createSoundInternal             :     exinfo->numsubsounds       = 1
[LOG] SystemI::createSoundInternal             :     exinfo->inclusionlist      = 0x7fd7454ab4c8
[LOG] SystemI::createSoundInternal             :     exinfo->inclusionlistnum   = 1
[LOG] SystemI::createSoundInternal             :     exinfo->suggestedsoundtype = 5
[LOG] SystemI::createSoundInternal             :     exinfo->initialseekposition = 1791
[LOG] SystemI::createSoundInternal             :     exinfo->initialseekpostype = 1
[LOG] SystemI::createSoundInternal             :     Stream 0/1: name='Section1_main_134bpm', format=2, channels=2, frequency=48000, lengthbytes=549312, lengthpcm=2407305, pcmblocksize=0, loopstart=0, loopend=0, mode=0x00000000, channelmask=0x00000000, channelorder=0, peakvolume=0.503845.
[LOG] AsyncThread::threadFunc                  : Finished Asynchronous operation on sound 0x7fd762186658
[LOG] AsyncThread::threadFunc                  : Starting Asynchronous operation on sound 0x7fd75d7c0028
[LOG] SystemI::createSoundInternal             :     Create name='GalaxyProject/Build/Desktop/Master Bank.bank', mode=0x02010082
[LOG] SystemI::createSoundInternal             :     exinfo->cbsize             = 232
[LOG] SystemI::createSoundInternal             :     exinfo->length             = 4221088
[LOG] SystemI::createSoundInternal             :     exinfo->fileoffset         = 35840
[LOG] SystemI::createSoundInternal             :     exinfo->numsubsounds       = 1
[LOG] SystemI::createSoundInternal             :     exinfo->inclusionlist      = 0x7fd7454a9d28
[LOG] SystemI::createSoundInternal             :     exinfo->inclusionlistnum   = 1
[LOG] SystemI::createSoundInternal             :     exinfo->suggestedsoundtype = 5
[LOG] SystemI::createSoundInternal             :     exinfo->initialseekposition = 1791
[LOG] SystemI::createSoundInternal             :     exinfo->initialseekpostype = 1
[LOG] SystemI::createSoundInternal             :     Stream 0/1: name='Section1_gtr_134bpm', format=2, channels=2, frequency=48000, lengthbytes=440384, lengthpcm=2235288, pcmblocksize=0, loopstart=0, loopend=0, mode=0x00000000, channelmask=0x00000000, channelorder=0, peakvolume=0.070953.
[LOG] AsyncThread::threadFunc                  : Finished Asynchronous operation on sound 0x7fd75d7c0028
[LOG] SoundI::getSubSound                      : sound 0x7fd762186658.  Subsound index 0 / 1
[LOG] SoundI::getSubSound                      : sound 0x7fd75d7c0028.  Subsound index 0 / 1
[LOG] AsyncThread::threadFunc                  : Starting Asynchronous operation on sound 0x7fd747215928
[LOG] AsyncThread::threadFunc                  : Finished Asynchronous operation on sound 0x7fd747215928
[LOG] AsyncThread::threadFunc                  : Starting Asynchronous operation on sound 0x7fd74721f6e8
[LOG] AsyncThread::threadFunc                  : Finished Asynchronous operation on sound 0x7fd74721f6e8
[LOG] Manager::readBank                        : fileversion = 103, compatVersion = 99 (oldest = 44, newest = 103)
[LOG] SoundI::release                          : Lundberg_Oscar_ElectronicPiece_GalaxyForces_Fanfare (0x7fd746c70ec8)
[LOG] SoundI::release                          :     Lundberg_Oscar_ElectronicPiece_GalaxyForces_Fanfare (0x7fd746c6c808)
[LOG] SoundI::release                          :     Lundberg_Oscar_ElectronicPiece_GalaxyForces_Fanfare (0x7fd746c6c998)
[LOG] Manager::readBank                        : fileversion = 103, compatVersion = 99 (oldest = 44, newest = 103)
[LOG] Manager::readBank                        : fileversion = 103, compatVersion = 99 (oldest = 44, newest = 103)
[LOG] Manager::readBank                        : fileversion = 103, compatVersion = 99 (oldest = 44, newest = 103)
[LOG] Manager::readBank                        : fileversion = 103, compatVersion = 99 (oldest = 44, newest = 103)
[LOG] PlaybackSystem::acquireMasterBus         : Setting master channel group format to 6
[LOG] SoundI::release                          : Section1_gtr_134bpm (0x7fd75d7c0028)
[LOG] SoundI::release                          :     Section1_gtr_134bpm (0x7fd7457ef768)
[LOG] SoundI::release                          :     Section1_gtr_134bpm (0x7fd74721f6e8)
[LOG] SoundI::release                          : Section1_main_134bpm (0x7fd762186658)
[LOG] SoundI::release                          :     Section1_main_134bpm (0x7fd74721ae08)
[LOG] SoundI::release                          :     Section1_main_134bpm (0x7fd747215928)
[LOG] SoundI::release                          :  (0x7fd762107408)
[LOG] SoundI::release                          :     transition_B-A.wav (0x7fd7454d15c8)
[LOG] SoundI::release                          :  (0x7fd7454ed008)
[LOG] SoundI::release                          :     transition_A-B (0x7fd75e8cf478)
[LOG] Thread::callback                         : FMOD Studio update thread finished.
[LOG] Thread::callback                         : FMOD Studio bank load thread finished.
[LOG] Thread::callback                         : FMOD Studio sample load thread finished.
[LOG] LiveUpdate::release                      : 
[LOG] LiveUpdate::reset                        : Reset connection (reason Disconnected)
[LOG] Thread::callback                         : FMOD stream thread finished.
[LOG] Thread::callback                         : FMOD mixer thread finished.
[LOG] SystemI::close                           : Closed.
[LOG] Thread::callback                         : FMOD Studio bank load thread finished.
[LOG] Thread::callback                         : FMOD Studio sample load thread finished.
[LOG] LiveUpdate::release                      : 
[LOG] LiveUpdate::reset                        : Reset connection (reason Disconnected)
[LOG] Thread::callback                         : FMOD stream thread finished.
[LOG] Thread::callback                         : FMOD mixer thread finished.
[LOG] Thread::callback                         : FMOD nonblocking thread (0) finished.
[LOG] Thread::callback                         : FMOD file thread finished.
[LOG] SystemI::close                           : Closed.
